2b.sql,4527.3847579956055
10c.sql,9036.627769470215
18a.sql,24020.206689834595
17a.sql,16740.389347076416
33a.sql,468.0204391479492
30b.sql,532.9649448394775
7a.sql,2520.3795433044434
12c.sql,1796.2305545806885
22a.sql,2414.4346714019775
11a.sql,55.245161056518555
17a.sql,10608.46757888794
25b.sql,846.7013835906982
11a.sql,39.93844985961914
16b.sql,16388.176441192627
2c.sql,424.6089458465576
26c.sql,45704.31900024414
17a.sql,13663.310289382935
28b.sql,12563.517808914185
5a.sql,412.5232696533203
10a.sql,1007.1852207183838
4c.sql,246.7334270477295
31b.sql,693.688154220581
1b.sql,3.7720203399658203
15a.sql,850.9399890899658
9b.sql,827.1744251251221
1a.sql,11.776447296142578
13a.sql,2972.5425243377686
13b.sql,-1
6b.sql,314.27621841430664
29a.sql,3326.932907104492
4c.sql,159.41929817199707
32b.sql,146.83246612548828
26b.sql,22519.57631111145
9c.sql,1620.8102703094482
20b.sql,36347.70226478577
27a.sql,166.45193099975586
5c.sql,404.44397926330566
29c.sql,12245.118141174316
6d.sql,6774.812698364258
28a.sql,40648.45514297485
31c.sql,2615.0946617126465
11c.sql,293.42079162597656
17b.sql,9378.694772720337
18c.sql,16531.99577331543
12c.sql,60.02330780029297
17b.sql,8792.665719985962
13b.sql,999.199628829956
18a.sql,9321.65265083313
2b.sql,590.1718139648438
1d.sql,5.215644836425781
20a.sql,96430.92584609985
16d.sql,1153.4748077392578
17f.sql,9561.181545257568
8c.sql,11168.531656265259
2c.sql,459.08546447753906
29b.sql,2520.2014446258545
15c.sql,600.0192165374756
32b.sql,137.23182678222656
15b.sql,47.072410583496094
20b.sql,38199.92208480835
fkindexes.sql,-1
2b.sql,434.2610836029053
27b.sql,104.28142547607422
30c.sql,3651.3571739196777
6a.sql,30.254364013671875
3c.sql,308.4871768951416
17b.sql,5983.023405075073
11a.sql,35.506486892700195
19c.sql,12644.940376281738
17f.sql,9240.989208221436
16d.sql,1003.9615631103516
8d.sql,689.7764205932617
6e.sql,29.64043617248535
19c.sql,12252.4733543396
2d.sql,569.6427822113037
21a.sql,82.64303207397461
8a.sql,2605.998754501343
23a.sql,229.93087768554688
17f.sql,9953.984498977661
17d.sql,5677.266597747803
27b.sql,99.43175315856934
17f.sql,9300.48394203186
28b.sql,10548.407554626465
7b.sql,306.58626556396484
21a.sql,77.40592956542969
17a.sql,10364.79663848877
schema.sql,-1
25b.sql,352.8015613555908
13a.sql,1078.139066696167
11c.sql,224.35998916625977
13c.sql,946.3741779327393
2a.sql,480.21984100341797
4b.sql,92.41557121276855
22a.sql,582.9663276672363
12a.sql,330.3976058959961
20b.sql,38985.199213027954
schema.sql,-1
26a.sql,18256.50715827942
9c.sql,1037.9996299743652
6c.sql,14.209508895874023
10b.sql,375.8077621459961
32a.sql,13.464927673339844
30c.sql,3996.4895248413086
26b.sql,22566.522121429443
17f.sql,7711.911201477051
2b.sql,430.3748607635498
13c.sql,893.8539028167725
22b.sql,304.1424751281738
23a.sql,227.81014442443848
9a.sql,519.2227363586426
6e.sql,30.185699462890625
17f.sql,10335.76774597168
25a.sql,3307.6846599578857
15d.sql,862.3347282409668
7c.sql,9636.942148208618
6e.sql,29.790163040161133
19a.sql,518.6848640441895
2b.sql,432.58118629455566
29b.sql,3246.4888095855713
15a.sql,757.6074600219727
3a.sql,212.19348907470703
26c.sql,44032.3281288147
3c.sql,399.00827407836914
26a.sql,20248.315572738647
10a.sql,749.9382495880127
19d.sql,11396.329641342163
10c.sql,6396.859884262085
8b.sql,386.25025749206543
6f.sql,5282.780647277832
5c.sql,375.7433891296387
19b.sql,257.9362392425537
11d.sql,195.79458236694336
6e.sql,27.265548706054688
8d.sql,2512.63689994812
12c.sql,1581.7837715148926
24a.sql,687.3915195465088
12a.sql,348.51789474487305
3a.sql,196.55656814575195
3b.sql,119.81487274169922
14a.sql,374.436616897583
23c.sql,436.3994598388672
27a.sql,121.67978286743164
17f.sql,11657.18388557434
6e.sql,30.826568603515625
22a.sql,623.7404346466064
16d.sql,1038.2204055786133
26c.sql,47818.97187232971
32b.sql,215.2237892150879
16c.sql,1873.5430240631104
19b.sql,398.6790180206299
schema.sql,-1
2c.sql,558.5155487060547
22c.sql,2975.101947784424
25c.sql,13171.081066131592
13d.sql,2350.0707149505615
17a.sql,11589.720487594604
1a.sql,13.243436813354492
28b.sql,12047.54114151001
17b.sql,6885.227918624878
17a.sql,11577.205419540405
12b.sql,9.029626846313477
2a.sql,475.9054183959961
17b.sql,8752.039432525635
7c.sql,9782.936811447144
6c.sql,15.502452850341797
12b.sql,7.805585861206055
17c.sql,8711.294889450073
30a.sql,1150.568962097168
16d.sql,1205.5299282073975
14b.sql,153.0468463897705
8c.sql,11414.484024047852
27c.sql,121.40989303588867
23c.sql,411.09180450439453
4a.sql,131.28972053527832
4c.sql,111.70315742492676
16a.sql,214.50114250183105
13b.sql,920.7079410552979
22b.sql,291.81599617004395
22a.sql,633.3587169647217
23b.sql,228.6355495452881
32b.sql,135.01477241516113
30b.sql,311.5677833557129
fkindexes.sql,-1
13b.sql,960.949182510376
21b.sql,50.46796798706055
1b.sql,2.8715133666992188
6d.sql,5100.321292877197
17d.sql,11679.060220718384
16a.sql,220.14784812927246
22d.sql,2225.8200645446777
22a.sql,658.0512523651123
18b.sql,620.8596229553223
17d.sql,9391.165733337402
8b.sql,347.63407707214355
22c.sql,2370.6042766571045
6d.sql,5138.168096542358
27a.sql,111.32311820983887
11c.sql,203.63116264343262
schema.sql,-1
6a.sql,29.104948043823242
9c.sql,1270.3509330749512
8b.sql,330.80077171325684
6b.sql,253.0660629272461
15c.sql,1297.6653575897217
24a.sql,592.8301811218262
16d.sql,1371.685266494751
21b.sql,57.11555480957031
11d.sql,274.1706371307373
20b.sql,45986.09662055969
fkindexes.sql,-1
17f.sql,9917.325019836426
4a.sql,145.41292190551758
23a.sql,269.26493644714355
22a.sql,760.6830596923828
9b.sql,611.5028858184814
schema.sql,-1
27a.sql,114.1042709350586
32a.sql,9.467840194702148
15a.sql,707.7293395996094
19a.sql,625.830888748169
9c.sql,1102.125883102417
28a.sql,44527.42123603821
26c.sql,49224.995613098145
33c.sql,239.3496036529541
11d.sql,242.36249923706055
28b.sql,12330.53207397461
25a.sql,3751.0695457458496
6c.sql,10.613679885864258
15b.sql,53.96103858947754
9b.sql,539.7427082061768
12c.sql,1810.5323314666748
16a.sql,378.528356552124
28c.sql,65708.45532417297
30b.sql,289.7145748138428
17c.sql,8403.39970588684
13d.sql,3886.5232467651367
7a.sql,1144.8874473571777
17d.sql,8531.070232391357
28c.sql,65987.3309135437
29c.sql,16160.843133926392
22a.sql,638.7505531311035
28b.sql,13049.592971801758
26a.sql,20285.603523254395
8c.sql,11108.682870864868
16c.sql,1550.2638816833496
32a.sql,10.734081268310547
17c.sql,8278.900146484375
21a.sql,135.17451286315918
30b.sql,340.9249782562256
19a.sql,818.2058334350586
19c.sql,17619.28653717041
33c.sql,173.31647872924805
12b.sql,7.337808609008789
23a.sql,302.600622177124
schema.sql,-1
schema.sql,-1
12b.sql,7.96961784362793
16d.sql,-1
17f.sql,10252.296924591064
8c.sql,13134.23466682434
6f.sql,7763.205051422119
6f.sql,8020.837783813477
20a.sql,111841.54915809631
15b.sql,71.89631462097168
5c.sql,551.6321659088135
31b.sql,692.8126811981201
29b.sql,2542.294979095459
fkindexes.sql,-1
2d.sql,1087.7249240875244
10a.sql,1008.7435245513916
5a.sql,397.0651626586914
19a.sql,669.77858543396
30a.sql,1659.5330238342285
8c.sql,13357.292413711548
14b.sql,191.2515163421631
13d.sql,10457.283020019531
13c.sql,1078.1011581420898
27a.sql,130.25617599487305
18a.sql,13084.272623062134
29a.sql,2982.3412895202637
32a.sql,16.254186630249023
16c.sql,1953.585147857666
2a.sql,674.6327877044678
17f.sql,11994.510412216187
24b.sql,-1
7c.sql,12522.803783416748
6b.sql,287.78839111328125
13a.sql,3778.3713340759277
22a.sql,753.6649703979492
18a.sql,11853.679180145264
10a.sql,953.8669586181641
3b.sql,191.14089012145996
2b.sql,567.1341419219971
17f.sql,10102.48613357544
33b.sql,289.05439376831055
27a.sql,132.51662254333496
22b.sql,362.86163330078125
10b.sql,464.1885757446289
12b.sql,8.937358856201172
6f.sql,6932.546854019165
7b.sql,282.52196311950684
26c.sql,44626.31034851074
5c.sql,386.23619079589844
28a.sql,47239.054918289185
15a.sql,770.3373432159424
14a.sql,443.4196949005127
19b.sql,283.6427688598633
7b.sql,297.9722023010254
4b.sql,97.14865684509277
6c.sql,11.049747467041016
7b.sql,273.2856273651123
16d.sql,1181.5497875213623
17d.sql,8827.92615890503
13b.sql,-1
3c.sql,349.9107360839844
6f.sql,7193.331480026245
21b.sql,67.40212440490723
29c.sql,12489.803314208984
15a.sql,643.8808441162109
8b.sql,348.85120391845703
6d.sql,7131.497859954834
9d.sql,4095.823287963867
5a.sql,450.4871368408203
6f.sql,6677.7777671813965
10c.sql,7161.13018989563
33a.sql,233.22224617004395
1a.sql,12.475013732910156
8c.sql,11773.417472839355
4c.sql,142.1334743499756
6d.sql,5088.521718978882
5a.sql,299.6795177459717
17f.sql,10995.681047439575
4a.sql,146.1029052734375
13c.sql,983.1900596618652
6e.sql,32.636404037475586
6c.sql,11.458158493041992
17a.sql,11874.706029891968
5a.sql,278.550386428833
23a.sql,245.8360195159912
19b.sql,259.14907455444336
4b.sql,94.35725212097168
17b.sql,7215.7042026519775
10c.sql,5676.721096038818
16b.sql,17884.48739051819
19d.sql,10453.625440597534
6d.sql,6447.025537490845
9c.sql,1264.0061378479004
18b.sql,360.8560562133789
2b.sql,538.8686656951904
21a.sql,99.41697120666504
9d.sql,4196.096420288086
26b.sql,20675.51016807556
8d.sql,5503.188133239746
13d.sql,10069.097995758057
9c.sql,1865.645408630371
15d.sql,1978.991985321045
9b.sql,687.3760223388672
17f.sql,12283.956289291382
13c.sql,1199.523687362671
22b.sql,405.7602882385254
32b.sql,202.25191116333008
19c.sql,16682.142972946167
29a.sql,3827.7881145477295
25b.sql,788.0508899688721
20c.sql,63352.81825065613
28a.sql,73633.91757011414
17e.sql,15629.986047744751
31c.sql,3317.4171447753906
10a.sql,1006.1562061309814
8b.sql,393.5995101928711
26b.sql,31993.730545043945
32a.sql,20.484209060668945
33b.sql,282.66167640686035
30b.sql,563.6649131774902
1d.sql,4.430055618286133
12b.sql,9.712696075439453
30a.sql,1795.4888343811035
19d.sql,21363.84630203247
19c.sql,18204.024076461792
6b.sql,344.8357582092285
32a.sql,16.55411720275879
19a.sql,888.8752460479736
19b.sql,421.5848445892334
21b.sql,94.91610527038574
21b.sql,59.60440635681152
19a.sql,863.8505935668945
14a.sql,522.6945877075195
22a.sql,741.6257858276367
8d.sql,3027.3783206939697
30b.sql,324.4457244873047
7b.sql,366.43004417419434
29b.sql,3134.1021060943604
19a.sql,631.2224864959717
27a.sql,113.48986625671387
10a.sql,940.410852432251
18b.sql,599.7223854064941
22b.sql,449.18084144592285
28a.sql,58461.04311943054
2d.sql,1016.7348384857178
23b.sql,445.7821846008301
22c.sql,3074.892997741699
16d.sql,1492.238998413086
23c.sql,654.2959213256836
7b.sql,357.21611976623535
4b.sql,128.26895713806152
15c.sql,582.660436630249
12c.sql,2475.139617919922
25c.sql,12421.328783035278
2a.sql,578.5937309265137
1a.sql,13.470888137817383
5b.sql,292.1478748321533
33c.sql,171.03958129882812
30b.sql,345.6389904022217
17a.sql,15739.638566970825
16b.sql,22819.8082447052
10c.sql,8177.577972412109
17d.sql,11425.983190536499
23c.sql,544.7628498077393
6b.sql,311.9537830352783
12b.sql,13.199806213378906
21c.sql,59.40389633178711
2a.sql,579.0939331054688
16b.sql,23008.150339126587
31b.sql,649.3582725524902
24b.sql,323.4975337982178
17d.sql,11603.195428848267
2d.sql,723.4127521514893
10a.sql,1021.3990211486816
33c.sql,307.07693099975586
3b.sql,279.2048454284668
13c.sql,1626.711130142212
22a.sql,972.780704498291
15d.sql,1261.521816253662
9b.sql,749.5505809783936
25c.sql,12540.06552696228
11c.sql,266.5848731994629
17d.sql,10421.589136123657
6b.sql,372.38407135009766
23a.sql,410.1572036743164
4c.sql,227.09965705871582
30a.sql,1043.7917709350586
fkindexes.sql,-1
28c.sql,79904.47187423706
9a.sql,695.7685947418213
7a.sql,1825.1824378967285
29b.sql,3568.164825439453
32a.sql,18.436908721923828
25b.sql,508.8233947753906
5c.sql,570.6675052642822
27a.sql,162.11748123168945
7b.sql,379.0478706359863
33b.sql,259.8855495452881
23c.sql,641.4968967437744
17e.sql,16043.076753616333
17d.sql,10603.728294372559
2b.sql,546.3995933532715
3b.sql,172.0874309539795
25c.sql,12266.109704971313
2a.sql,567.0068264007568
18a.sql,11841.70937538147
12b.sql,10.41865348815918
18b.sql,357.2232723236084
18a.sql,11183.66813659668
19c.sql,15760.912895202637
26c.sql,59162.73999214172
14b.sql,247.47228622436523
17b.sql,10538.443803787231
31a.sql,3004.0996074676514
31c.sql,3014.9025917053223
12a.sql,423.2757091522217
21b.sql,58.63237380981445
26c.sql,58548.85911941528
21c.sql,85.3736400604248
16c.sql,2257.4737071990967
22a.sql,941.6379928588867
7c.sql,13736.46330833435
28b.sql,13114.099740982056
31a.sql,3737.966775894165
6c.sql,23.670196533203125
3b.sql,168.9431667327881
20b.sql,50538.40756416321
10a.sql,998.2314109802246
1c.sql,13.539314270019531
33c.sql,188.462495803833
6c.sql,19.46568489074707
9a.sql,605.1197052001953
22a.sql,713.303804397583
33b.sql,351.1486053466797
26c.sql,53972.893714904785
29a.sql,3587.4850749969482
17a.sql,16371.015787124634
17a.sql,15386.478185653687
22c.sql,3077.547550201416
11a.sql,47.51443862915039
1a.sql,16.178607940673828
30c.sql,6018.572568893433
21b.sql,60.297489166259766
15b.sql,59.5552921295166
23b.sql,290.2264595031738
14a.sql,443.4189796447754
29c.sql,15929.157733917236
11a.sql,45.43304443359375
21a.sql,82.02528953552246
27b.sql,111.114501953125
11a.sql,41.8696403503418
2b.sql,549.4518280029297
14b.sql,203.42707633972168
23b.sql,269.28019523620605
11c.sql,234.21645164489746
20b.sql,54422.518730163574
16d.sql,1496.0687160491943
19d.sql,16099.425315856934
3a.sql,338.93823623657227
20b.sql,53552.35052108765
33c.sql,180.8464527130127
5c.sql,452.65698432922363
17e.sql,15279.069662094116
12c.sql,2076.937437057495
10c.sql,7037.461996078491
26c.sql,60419.9595451355
schema.sql,-1
1c.sql,21.166324615478516
2c.sql,816.9677257537842
3c.sql,451.5540599822998
2c.sql,631.7400932312012
33c.sql,226.50980949401855
9a.sql,691.7037963867188
16b.sql,21956.95662498474
10c.sql,6518.424034118652
15a.sql,982.3627471923828
14a.sql,481.81962966918945
30a.sql,1424.0756034851074
27b.sql,202.41284370422363
17a.sql,15458.444833755493
31b.sql,684.079647064209
3b.sql,155.39264678955078
15c.sql,493.06750297546387
29a.sql,3055.217981338501
33c.sql,192.0008659362793
13d.sql,6897.516489028931
5b.sql,292.177677154541
9b.sql,772.8092670440674
13c.sql,1801.8734455108643
10c.sql,7206.34126663208
19b.sql,305.1564693450928
30b.sql,432.59501457214355
9b.sql,617.5632476806641
21a.sql,105.43298721313477
32a.sql,16.95728302001953
12b.sql,9.13381576538086
31a.sql,3211.911678314209
2a.sql,539.5426750183105
13b.sql,1339.7371768951416
3b.sql,191.1165714263916
6b.sql,414.68191146850586
29a.sql,4542.7141189575195
13d.sql,6714.298486709595
fkindexes.sql,-1
4a.sql,272.1517086029053
1b.sql,7.030010223388672
22b.sql,511.32655143737793
20a.sql,137877.06232070923
25b.sql,561.6707801818848
1b.sql,8.544683456420898
6b.sql,458.54735374450684
5b.sql,303.38573455810547
13c.sql,1114.431381225586
9b.sql,677.3414611816406
2b.sql,706.6609859466553
5c.sql,493.43228340148926
31c.sql,3725.146532058716
22c.sql,2893.800973892212
33a.sql,257.312536239624
9c.sql,1548.966407775879
18a.sql,12214.702129364014
4c.sql,164.6561622619629
26b.sql,29495.408296585083
24a.sql,766.387939453125
22c.sql,3044.6088314056396
33a.sql,284.16919708251953
17f.sql,13214.594602584839
6b.sql,299.19886589050293
5c.sql,393.89538764953613
12c.sql,1638.4210586547852
6f.sql,7603.162050247192
17d.sql,9650.08807182312
23b.sql,289.55817222595215
29b.sql,2830.153226852417
20b.sql,50965.20256996155
11a.sql,53.64513397216797
6b.sql,340.1486873626709
15d.sql,1186.2354278564453
16d.sql,1772.6109027862549
4b.sql,183.88819694519043
1b.sql,5.391597747802734
6f.sql,8630.520105361938
31b.sql,588.1679058074951
18a.sql,11999.234199523926
10b.sql,514.3368244171143
9a.sql,738.3348941802979
12c.sql,1971.3947772979736
32a.sql,18.71204376220703
24b.sql,386.34610176086426
3a.sql,256.5014362335205
31a.sql,3391.4897441864014
2c.sql,530.3483009338379
24b.sql,316.81180000305176
4b.sql,141.32356643676758
13a.sql,4439.351320266724
17a.sql,15353.696346282959
31a.sql,2990.9069538116455
19b.sql,282.50789642333984
28a.sql,59371.51598930359
23c.sql,835.864782333374
26b.sql,30842.16809272766
22a.sql,907.0384502410889
33b.sql,248.21710586547852
1a.sql,14.68348503112793
31b.sql,619.9381351470947
18a.sql,11719.369173049927
17d.sql,10782.219648361206
13d.sql,4369.831800460815
16b.sql,22698.243141174316
13d.sql,5543.2422161102295
26b.sql,31610.912322998047
3a.sql,237.23244667053223
16a.sql,405.9600830078125
16d.sql,1755.28883934021
24a.sql,853.973388671875
32b.sql,165.57621955871582
9d.sql,5169.072151184082
26a.sql,26649.760007858276
18b.sql,400.29025077819824
13b.sql,1814.4264221191406
16b.sql,22704.679250717163
17b.sql,11130.428552627563
15d.sql,886.4688873291016
10b.sql,589.2994403839111
26b.sql,30825.578451156616
18a.sql,12286.092519760132
9d.sql,5885.351181030273
27a.sql,139.9829387664795
31b.sql,667.1781539916992
14a.sql,522.3236083984375
6d.sql,7953.442573547363
24b.sql,321.5210437774658
6e.sql,24.57451820373535
28a.sql,52187.450647354126
23b.sql,324.16772842407227
22c.sql,2598.869562149048
16a.sql,297.497034072876
11c.sql,235.4586124420166
8d.sql,2929.3177127838135
23c.sql,522.0370292663574
5b.sql,298.9063262939453
21b.sql,54.22687530517578
12b.sql,7.446050643920898
2a.sql,557.3127269744873
11d.sql,228.38258743286133
15a.sql,731.5528392791748
27b.sql,121.57559394836426
19a.sql,686.5644454956055
schema.sql,-1
13d.sql,4383.4967613220215
3a.sql,234.86995697021484
29a.sql,3486.778736114502
4a.sql,208.06503295898438
17a.sql,15025.179862976074
26a.sql,24830.868244171143
22d.sql,2411.78560256958
22c.sql,2703.054666519165
6c.sql,15.265226364135742
fkindexes.sql,-1
19b.sql,325.3352642059326
29c.sql,14874.457120895386
29b.sql,4017.646551132202
33b.sql,269.3939208984375
8d.sql,3650.367498397827
16c.sql,1958.5647583007812
16d.sql,1701.343297958374
2d.sql,848.2649326324463
15b.sql,75.1042366027832
15c.sql,724.6303558349609
12b.sql,9.098291397094727
10a.sql,1372.9324340820312
22d.sql,2720.2107906341553
28c.sql,82750.80704689026
18c.sql,16231.864213943481
17b.sql,10267.313003540039
31c.sql,3160.900592803955
31b.sql,855.6716442108154
23a.sql,301.9711971282959
31a.sql,3297.650098800659
8b.sql,382.3702335357666
4a.sql,140.9776210784912
29c.sql,15242.845296859741
30a.sql,1513.0114555358887
8c.sql,15161.916017532349
22a.sql,774.4832038879395
26c.sql,57763.7677192688
2c.sql,641.704797744751
7c.sql,13927.549362182617
5c.sql,463.486909866333
12b.sql,7.770538330078125
15c.sql,549.3435859680176
19b.sql,292.2689914703369
33c.sql,250.97250938415527
27c.sql,178.04312705993652
18c.sql,14714.937686920166
14a.sql,538.7320518493652
31a.sql,3462.472915649414
31b.sql,653.2323360443115
8d.sql,3051.693916320801
25a.sql,4142.639875411987
24b.sql,473.91581535339355
12c.sql,2029.7648906707764
11b.sql,19.898653030395508
22b.sql,439.95189666748047
19d.sql,14073.65107536316
17d.sql,10367.017984390259
13a.sql,3748.3673095703125
9b.sql,609.4005107879639
6a.sql,35.44449806213379
28a.sql,55341.10331535339
9a.sql,672.2049713134766
schema.sql,-1
30b.sql,402.32396125793457
17f.sql,14153.648138046265
11b.sql,24.39284324645996
33c.sql,170.50838470458984
23c.sql,579.8764228820801
2c.sql,783.9903831481934
8a.sql,3668.616771697998
15d.sql,789.8533344268799
28b.sql,13463.235855102539
2b.sql,761.3816261291504
24b.sql,421.9534397125244
13a.sql,4120.027780532837
1c.sql,22.794485092163086
1a.sql,25.52199363708496
30b.sql,517.5180435180664
6c.sql,40.75765609741211
19d.sql,15007.450103759766
31a.sql,3370.5568313598633
18c.sql,15395.219087600708
8d.sql,3480.2238941192627
5a.sql,364.2876148223877
27a.sql,160.8445644378662
23a.sql,359.30848121643066
19c.sql,17194.828271865845
19d.sql,14711.054801940918
9c.sql,1277.005910873413
21b.sql,67.32439994812012
25c.sql,12889.00351524353
fkindexes.sql,-1
2d.sql,1055.2806854248047
26c.sql,56172.76668548584
21c.sql,70.30749320983887
16a.sql,281.0475826263428
1d.sql,9.463787078857422
33c.sql,201.19690895080566
29c.sql,16676.45001411438
3a.sql,277.26006507873535
16c.sql,2012.7975940704346
27a.sql,119.22216415405273
8b.sql,552.2911548614502
22c.sql,3404.9715995788574
31b.sql,777.6718139648438
13d.sql,5543.842792510986
9c.sql,1063.7919902801514
29b.sql,3683.298349380493
17c.sql,11495.286464691162
15b.sql,67.74163246154785
27a.sql,163.7263298034668
27a.sql,160.02225875854492
13a.sql,4172.832727432251
schema.sql,-1
7c.sql,13776.53980255127
23b.sql,296.18024826049805
13d.sql,5203.10378074646
5c.sql,504.5900344848633
25a.sql,4612.065076828003
32a.sql,12.49241828918457
25b.sql,624.7639656066895
18a.sql,12483.076095581055
5c.sql,438.2436275482178
9d.sql,5648.266553878784
17d.sql,10872.807741165161
27a.sql,130.76376914978027
20c.sql,59518.7931060791
8b.sql,484.2572212219238
25b.sql,590.6109809875488
6f.sql,8587.480306625366
6d.sql,7974.764823913574
18a.sql,11470.249891281128
4a.sql,214.91742134094238
21c.sql,64.92447853088379
8c.sql,13364.257097244263
25b.sql,481.7812442779541
5b.sql,319.2007541656494
18b.sql,419.4660186767578
19a.sql,714.0226364135742
28b.sql,14040.799379348755
schema.sql,-1
24b.sql,468.13011169433594
15a.sql,874.4010925292969
26b.sql,30848.407983779907
1b.sql,7.075786590576172
27a.sql,125.17595291137695
26c.sql,60979.665756225586
23a.sql,294.71755027770996
19d.sql,13289.751768112183
16a.sql,273.48971366882324
31b.sql,608.856201171875
27c.sql,127.5167465209961
17b.sql,9644.81234550476
3c.sql,358.29663276672363
11c.sql,209.9611759185791
33b.sql,259.5362663269043
31c.sql,2830.989360809326
5a.sql,298.342227935791
20c.sql,52787.692070007324
30a.sql,1295.4282760620117
5b.sql,328.4566402435303
9d.sql,5836.025238037109
24b.sql,343.4562683105469
11b.sql,28.02443504333496
25a.sql,4846.52304649353
28b.sql,14212.534427642822
6e.sql,38.98358345031738
6e.sql,22.86982536315918
22c.sql,3039.0777587890625
26a.sql,26770.96939086914
23a.sql,338.0148410797119
32b.sql,172.2095012664795
21c.sql,54.73184585571289
2d.sql,880.0883293151855
15a.sql,867.1262264251709
23b.sql,438.2059574127197
9c.sql,1517.8277492523193
1a.sql,16.5863037109375
31a.sql,3862.572193145752
2c.sql,619.3389892578125
6b.sql,454.6046257019043
6c.sql,29.91795539855957
6c.sql,26.267051696777344
20b.sql,57140.37489891052
19c.sql,18267.337560653687
32a.sql,22.002220153808594
3a.sql,278.8717746734619
6e.sql,62.84976005554199
11b.sql,40.51947593688965
12a.sql,467.5164222717285
2a.sql,662.9135608673096
8a.sql,3944.279670715332
schema.sql,-1
33b.sql,360.76927185058594
22b.sql,448.87304306030273
13b.sql,1491.5337562561035
2a.sql,695.7521438598633
6e.sql,38.93733024597168
22d.sql,2202.9998302459717
31a.sql,3287.8260612487793
7b.sql,452.7909755706787
11c.sql,328.1843662261963
4b.sql,126.07574462890625
18c.sql,15905.962705612183
20b.sql,53124.38082695007
14c.sql,998.4676837921143
26b.sql,31237.168550491333
27c.sql,162.1842384338379
4b.sql,137.51769065856934
15c.sql,632.5974464416504
12c.sql,2049.290657043457
6e.sql,42.71674156188965
29c.sql,16327.056884765625
17c.sql,11390.836954116821
7c.sql,13652.740240097046
14c.sql,1025.740385055542
23b.sql,295.7277297973633
17e.sql,16347.318887710571
17e.sql,15869.4486618042
10b.sql,763.0927562713623
4c.sql,287.9936695098877
7b.sql,510.18357276916504
30b.sql,525.9802341461182
15b.sql,107.80692100524902
22c.sql,3221.282720565796
1b.sql,15.249013900756836
28b.sql,19181.30922317505
2b.sql,820.7170963287354
22a.sql,913.252592086792
17d.sql,12748.638391494751
6b.sql,345.3817367553711
16b.sql,26989.640712738037
20c.sql,76567.70300865173
24a.sql,860.0339889526367
17c.sql,12877.090692520142
27c.sql,200.64687728881836
28a.sql,60430.148124694824
schema.sql,-1
18c.sql,20602.524995803833
9d.sql,7888.485908508301
2d.sql,1254.8134326934814
18a.sql,14655.47490119934
27c.sql,135.2379322052002
30c.sql,5003.650665283203
33b.sql,254.31275367736816
11c.sql,267.2102451324463
29a.sql,4013.143539428711
25a.sql,7512.022256851196
7b.sql,648.9279270172119
18b.sql,572.9203224182129
4b.sql,137.32528686523438
29a.sql,3999.5436668395996
1c.sql,28.52034568786621
2b.sql,957.2620391845703
29c.sql,19522.41325378418
30b.sql,644.8469161987305
32a.sql,26.465415954589844
2d.sql,1032.1118831634521
6a.sql,57.036399841308594
2a.sql,769.0267562866211
7b.sql,556.9677352905273
2c.sql,851.3593673706055
19b.sql,606.4653396606445
22c.sql,3733.116626739502
28a.sql,68165.84897041321
33a.sql,352.80489921569824
13a.sql,4634.640216827393
18c.sql,17538.73896598816
33b.sql,436.0957145690918
15d.sql,1124.9289512634277
14b.sql,243.28303337097168
26c.sql,67572.26753234863
9c.sql,1322.014331817627
26b.sql,35692.71469116211
8a.sql,4788.985729217529
5c.sql,597.4328517913818
17e.sql,17742.783546447754
5b.sql,343.19138526916504
24a.sql,721.7299938201904
4c.sql,327.53682136535645
33b.sql,377.8109550476074
1a.sql,17.261743545532227
13d.sql,5765.432119369507
9b.sql,755.8951377868652
14c.sql,1236.9863986968994
9c.sql,1839.2367362976074
6c.sql,17.395496368408203
32b.sql,199.71966743469238
9d.sql,5673.583745956421
9c.sql,1316.2438869476318
4c.sql,256.26540184020996
20a.sql,243399.04594421387
4a.sql,244.93098258972168
10b.sql,791.9535636901855
26b.sql,33149.22595024109
23a.sql,425.5070686340332
30b.sql,581.3639163970947
30b.sql,497.830867767334
28b.sql,16919.960737228394
5b.sql,406.51488304138184
8d.sql,4358.022928237915
13c.sql,1626.143455505371
17b.sql,15366.548538208008
10c.sql,11600.40831565857
6f.sql,9311.871528625488
27b.sql,130.2173137664795
8a.sql,3318.0925846099854
17a.sql,17958.56785774231
12a.sql,777.5473594665527
5b.sql,371.842622756958
7c.sql,15304.202556610107
19a.sql,832.7980041503906
21b.sql,450.3052234649658
14c.sql,2175.9767532348633
8d.sql,3188.94100189209
19b.sql,366.1081790924072
24b.sql,446.1066722869873
13b.sql,1653.2504558563232
7a.sql,1465.9929275512695
14b.sql,232.2072982788086
23a.sql,387.85719871520996
30b.sql,474.52616691589355
33b.sql,368.9730167388916
8d.sql,3337.3732566833496
22a.sql,810.8561038970947
33b.sql,286.87596321105957
15a.sql,1599.938154220581
21c.sql,174.90386962890625
13b.sql,1824.3720531463623
24b.sql,561.741828918457
21b.sql,75.85787773132324
9a.sql,937.0553493499756
11a.sql,66.51830673217773
20a.sql,136760.86974143982
22c.sql,3703.7580013275146
9a.sql,794.0125465393066
6c.sql,15.273094177246094
