2b.sql,861.1159324645996
10c.sql,8364.008665084839
18a.sql,27322.285652160645
17a.sql,18264.92691040039
33a.sql,451.98917388916016
30b.sql,513.9420032501221
7a.sql,1662.0001792907715
12c.sql,1143.4831619262695
22a.sql,934.5614910125732
11a.sql,56.70619010925293
17a.sql,17643.190622329712
25b.sql,753.3316612243652
11a.sql,56.87665939331055
16b.sql,26196.102619171143
2c.sql,872.8504180908203
26c.sql,61021.037578582764
17a.sql,17225.229024887085
28b.sql,15559.207439422607
5a.sql,453.65381240844727
10a.sql,1347.0642566680908
4c.sql,224.12610054016113
31b.sql,697.2963809967041
1b.sql,4.399299621582031
15a.sql,1019.7279453277588
9b.sql,907.8478813171387
1a.sql,18.462657928466797
13a.sql,4559.9305629730225
13b.sql,2036.2322330474854
6b.sql,408.26988220214844
29a.sql,2733.2029342651367
4c.sql,199.1724967956543
32b.sql,219.1767692565918
26b.sql,34201.37524604797
9c.sql,2161.125898361206
20b.sql,58982.03659057617
27a.sql,148.33331108093262
5c.sql,555.9637546539307
29c.sql,18465.771913528442
6d.sql,8590.68512916565
28a.sql,62790.024757385254
31c.sql,4328.161954879761
11c.sql,490.0064468383789
17b.sql,22127.240896224976
18c.sql,35490.358114242554
12c.sql,1682.0728778839111
17b.sql,14742.039442062378
13b.sql,1681.3890933990479
18a.sql,13603.40666770935
2b.sql,717.118501663208
1d.sql,4.58216667175293
20a.sql,131023.85091781616
16d.sql,2350.5146503448486
17f.sql,16499.802827835083
8c.sql,16656.597137451172
2c.sql,729.2819023132324
29b.sql,3921.7917919158936
15c.sql,1643.3298587799072
32b.sql,244.27103996276855
15b.sql,82.68427848815918
20b.sql,54684.44609642029
fkindexes.sql,-1
2b.sql,672.3670959472656
27b.sql,144.09589767456055
30c.sql,6666.987657546997
6a.sql,52.078962326049805
3c.sql,835.9971046447754
17b.sql,11079.178094863892
11a.sql,53.86686325073242
19c.sql,20477.30326652527
17f.sql,12992.301940917969
16d.sql,1889.2407417297363
8d.sql,3443.605899810791
6e.sql,40.367841720581055
19c.sql,17258.914709091187
2d.sql,754.2569637298584
21a.sql,99.62034225463867
8a.sql,3921.372890472412
23a.sql,-1
17f.sql,14294.234037399292
17d.sql,10435.78815460205
27b.sql,133.99696350097656
17f.sql,13344.617366790771
28b.sql,13806.08081817627
7b.sql,664.3869876861572
21a.sql,131.41226768493652
17a.sql,14127.373456954956
schema.sql,-1
25b.sql,805.6681156158447
13a.sql,5722.632169723511
11c.sql,682.1174621582031
13c.sql,2095.414638519287
2a.sql,1211.4923000335693
4b.sql,191.27416610717773
22a.sql,1364.8853302001953
12a.sql,1190.1524066925049
20b.sql,60184.993267059326
schema.sql,-1
26a.sql,27967.39149093628
9c.sql,2550.076484680176
6c.sql,20.349502563476562
10b.sql,790.1127338409424
32a.sql,19.611358642578125
30c.sql,7177.4890422821045
26b.sql,32500.30779838562
17f.sql,15334.085702896118
2b.sql,771.4705467224121
13c.sql,1682.4917793273926
22b.sql,466.43686294555664
23a.sql,399.5497226715088
9a.sql,751.4610290527344
6e.sql,55.12046813964844
17f.sql,16857.78832435608
25a.sql,8256.714582443237
15d.sql,2223.860263824463
7c.sql,19773.15664291382
6e.sql,58.62545967102051
19a.sql,-1
2b.sql,1085.108995437622
29b.sql,5674.911737442017
15a.sql,1365.056037902832
3a.sql,335.6668949127197
26c.sql,66473.79732131958
3c.sql,647.2311019897461
26a.sql,29742.764472961426
10a.sql,1478.9817333221436
19d.sql,21162.61887550354
10c.sql,16803.68423461914
8b.sql,560.8038902282715
6f.sql,10668.216228485107
5c.sql,745.3296184539795
19b.sql,442.0137405395508
11d.sql,440.9024715423584
6e.sql,43.35904121398926
8d.sql,4900.3589153289795
12c.sql,4071.8185901641846
24a.sql,1015.993595123291
12a.sql,517.7083015441895
3a.sql,274.0902900695801
3b.sql,178.31134796142578
14a.sql,781.4764976501465
23c.sql,1235.8753681182861
27a.sql,242.0828342437744
17f.sql,15457.208633422852
6e.sql,45.022010803222656
22a.sql,981.1186790466309
16d.sql,2078.9127349853516
26c.sql,71098.2015132904
32b.sql,289.40582275390625
16c.sql,3149.562120437622
19b.sql,543.8172817230225
schema.sql,-1
2c.sql,970.294713973999
22c.sql,6652.818441390991
25c.sql,22229.45785522461
13d.sql,7719.424724578857
17a.sql,19557.64889717102
1a.sql,21.94976806640625
28b.sql,18533.84256362915
17b.sql,13832.351207733154
17a.sql,18611.05442047119
12b.sql,9.370565414428711
2a.sql,697.9541778564453
17b.sql,13032.34076499939
7c.sql,16350.974082946777
6c.sql,22.15266227722168
12b.sql,11.749505996704102
17c.sql,12722.843885421753
30a.sql,1878.549575805664
16d.sql,2253.1862258911133
14b.sql,257.82322883605957
8c.sql,18117.640256881714
27c.sql,256.9723129272461
23c.sql,795.3276634216309
4a.sql,213.41514587402344
4c.sql,178.31707000732422
16a.sql,351.32312774658203
13b.sql,1602.2319793701172
22b.sql,438.2951259613037
22a.sql,1052.990436553955
23b.sql,447.94583320617676
32b.sql,229.93016242980957
30b.sql,504.058837890625
fkindexes.sql,-1
13b.sql,1577.4264335632324
21b.sql,117.10786819458008
1b.sql,3.5524368286132812
6d.sql,9403.799533843994
17d.sql,10968.33086013794
16a.sql,291.3322448730469
22d.sql,2705.3921222686768
22a.sql,881.1616897583008
18b.sql,703.9458751678467
17d.sql,11553.562641143799
8b.sql,591.127872467041
22c.sql,3878.267765045166
6d.sql,8471.630573272705
27a.sql,188.97747993469238
11c.sql,315.25349617004395
schema.sql,-1
6a.sql,43.643951416015625
9c.sql,2038.8855934143066
8b.sql,549.0365028381348
6b.sql,332.98778533935547
15c.sql,2049.3686199188232
24a.sql,897.672176361084
16d.sql,1829.6337127685547
21b.sql,64.91518020629883
11d.sql,238.74187469482422
20b.sql,61577.03161239624
fkindexes.sql,-1
17f.sql,16389.890670776367
4a.sql,200.78659057617188
23a.sql,376.2621879577637
22a.sql,812.354326248169
9b.sql,635.779619216919
schema.sql,-1
27a.sql,125.20074844360352
32a.sql,20.17498016357422
15a.sql,1166.717529296875
19a.sql,666.1608219146729
9c.sql,-1
28a.sql,62068.91846656799
26c.sql,65504.83465194702
33c.sql,278.3844470977783
11d.sql,317.45243072509766
28b.sql,15573.795080184937
25a.sql,7566.9238567352295
6c.sql,16.880035400390625
15b.sql,76.54929161071777
9b.sql,943.19748878479
12c.sql,1745.3465461730957
16a.sql,445.3918933868408
28c.sql,109379.0979385376
30b.sql,526.7429351806641
17c.sql,13502.69627571106
13d.sql,8604.030847549438
7a.sql,2727.3552417755127
17d.sql,14372.36475944519
28c.sql,98827.90684700012
29c.sql,22067.94285774231
22a.sql,1043.4720516204834
28b.sql,13681.546211242676
26a.sql,25453.110933303833
8c.sql,15870.208978652954
16c.sql,2541.1622524261475
32a.sql,13.558149337768555
17c.sql,10427.419662475586
21a.sql,118.50404739379883
30b.sql,402.79555320739746
19a.sql,842.2880172729492
19c.sql,24311.057567596436
33c.sql,207.22508430480957
12b.sql,9.986639022827148
23a.sql,337.79120445251465
schema.sql,-1
schema.sql,-1
12b.sql,11.927604675292969
16d.sql,1664.8554801940918
17f.sql,12240.984439849854
8c.sql,14673.725605010986
6f.sql,7262.066841125488
6f.sql,8417.199611663818
20a.sql,152582.55672454834
15b.sql,172.66035079956055
5c.sql,1191.3928985595703
31b.sql,1093.3136940002441
29b.sql,3753.690719604492
fkindexes.sql,-1
2d.sql,965.6400680541992
10a.sql,1319.0369606018066
5a.sql,467.13995933532715
19a.sql,1155.6029319763184
30a.sql,1590.4936790466309
8c.sql,17289.849996566772
14b.sql,280.7748317718506
13d.sql,15487.80632019043
13c.sql,2501.7292499542236
27a.sql,216.6903018951416
18a.sql,26424.23725128174
29a.sql,6338.087797164917
32a.sql,20.439624786376953
16c.sql,3691.267490386963
2a.sql,878.4201145172119
17f.sql,15480.370044708252
24b.sql,508.0680847167969
7c.sql,17010.360956192017
6b.sql,465.9006595611572
13a.sql,4460.85262298584
22a.sql,910.6631278991699
18a.sql,13231.02068901062
10a.sql,1271.7182636260986
3b.sql,225.0974178314209
2b.sql,802.4702072143555
17f.sql,16514.747381210327
33b.sql,440.21058082580566
27a.sql,170.87864875793457
22b.sql,560.7097148895264
10b.sql,795.3996658325195
12b.sql,12.179851531982422
6f.sql,11224.501848220825
7b.sql,440.85144996643066
26c.sql,72519.84643936157
5c.sql,534.6481800079346
28a.sql,60940.56749343872
15a.sql,1131.6351890563965
14a.sql,741.1117553710938
19b.sql,352.71525382995605
7b.sql,376.23023986816406
4b.sql,117.2018051147461
6c.sql,17.3037052154541
7b.sql,360.70871353149414
16d.sql,1922.4283695220947
17d.sql,10138.38529586792
13b.sql,1695.6171989440918
3c.sql,599.2240905761719
6f.sql,9844.977140426636
21b.sql,92.0867919921875
29c.sql,18199.095487594604
15a.sql,920.7010269165039
8b.sql,504.81581687927246
6d.sql,10089.556217193604
9d.sql,10356.061935424805
5a.sql,510.32400131225586
6f.sql,9300.182819366455
10c.sql,12271.306991577148
33a.sql,312.05153465270996
1a.sql,27.147293090820312
8c.sql,18411.201238632202
4c.sql,236.30809783935547
6d.sql,10395.948886871338
5a.sql,424.6716499328613
17f.sql,14477.118730545044
4a.sql,163.909912109375
13c.sql,1315.3891563415527
6e.sql,40.50302505493164
6c.sql,13.042449951171875
17a.sql,18084.9506855011
5a.sql,428.68590354919434
23a.sql,409.8067283630371
19b.sql,337.66627311706543
4b.sql,122.25508689880371
17b.sql,12536.456108093262
10c.sql,9451.388359069824
16b.sql,27531.49175643921
19d.sql,20105.034351348877
6d.sql,10678.296327590942
9c.sql,2018.3706283569336
18b.sql,1264.528751373291
2b.sql,900.1615047454834
21a.sql,182.33513832092285
9d.sql,6216.403484344482
26b.sql,31637.651205062866
8d.sql,4117.802143096924
13d.sql,7540.392160415649
9c.sql,1750.5178451538086
15d.sql,2948.9312171936035
9b.sql,890.0792598724365
17f.sql,16536.24439239502
13c.sql,1816.69282913208
22b.sql,678.9190769195557
32b.sql,236.77849769592285
19c.sql,24947.449445724487
29a.sql,6669.564485549927
25b.sql,974.1647243499756
20c.sql,67592.20910072327
28a.sql,69161.66138648987
17e.sql,19994.694471359253
31c.sql,4530.7769775390625
10a.sql,1341.550588607788
8b.sql,531.466007232666
26b.sql,28855.594873428345
32a.sql,21.129846572875977
33b.sql,293.1406497955322
30b.sql,368.8359260559082
1d.sql,6.311178207397461
12b.sql,11.40737533569336
30a.sql,1593.327522277832
19d.sql,19004.71305847168
19c.sql,17713.331699371338
6b.sql,383.14127922058105
32a.sql,16.231775283813477
19a.sql,833.7342739105225
19b.sql,314.241886138916
21b.sql,75.8981704711914
21b.sql,52.9627799987793
19a.sql,672.126293182373
14a.sql,1005.4311752319336
22a.sql,1045.1712608337402
8d.sql,3970.470190048218
30b.sql,480.33881187438965
7b.sql,560.6648921966553
29b.sql,3575.536012649536
19a.sql,806.5083026885986
27a.sql,150.46429634094238
10a.sql,1011.4603042602539
18b.sql,936.6962909698486
22b.sql,-1
28a.sql,54813.45820426941
2d.sql,889.7700309753418
23b.sql,603.4698486328125
22c.sql,3322.000026702881
16d.sql,1914.14475440979
23c.sql,205.19042015075684
7b.sql,474.8959541320801
4b.sql,139.66631889343262
15c.sql,741.6517734527588
12c.sql,3245.680809020996
25c.sql,16521.22688293457
2a.sql,890.0630474090576
1a.sql,15.120506286621094
5b.sql,366.94884300231934
33c.sql,307.4615001678467
30b.sql,479.44164276123047
17a.sql,16102.54716873169
16b.sql,25152.223348617554
10c.sql,12463.943719863892
17d.sql,14208.69255065918
23c.sql,1222.4023342132568
6b.sql,513.5471820831299
12b.sql,23.480653762817383
21c.sql,138.0155086517334
2a.sql,-1
16b.sql,29812.506198883057
31b.sql,936.241626739502
24b.sql,520.7345485687256
17d.sql,10634.14216041565
2d.sql,1096.5397357940674
10a.sql,1100.5640029907227
33c.sql,223.2973575592041
3b.sql,222.33271598815918
13c.sql,1410.7840061187744
22a.sql,843.3165550231934
15d.sql,1840.5811786651611
9b.sql,1124.5243549346924
25c.sql,14478.185415267944
11c.sql,328.4111022949219
17d.sql,12968.965768814087
6b.sql,468.30153465270996
23a.sql,370.6173896789551
4c.sql,230.55720329284668
30a.sql,1688.094139099121
fkindexes.sql,-1
28c.sql,96583.59789848328
9a.sql,937.4706745147705
7a.sql,2393.827438354492
29b.sql,4852.911949157715
32a.sql,-1
25b.sql,597.2654819488525
5c.sql,611.3486289978027
27a.sql,154.63566780090332
7b.sql,424.96609687805176
33b.sql,293.1835651397705
23c.sql,949.0292072296143
17e.sql,21402.44197845459
17d.sql,10922.803163528442
2b.sql,701.3931274414062
3b.sql,201.3857364654541
25c.sql,15762.332201004028
2a.sql,877.4452209472656
18a.sql,16484.8153591156
12b.sql,10.685205459594727
18b.sql,419.6627140045166
18a.sql,12216.922760009766
19c.sql,18614.81261253357
26c.sql,67914.89267349243
14b.sql,282.50837326049805
17b.sql,12919.814586639404
31a.sql,3854.3035984039307
31c.sql,2664.222002029419
12a.sql,576.8396854400635
21b.sql,79.82754707336426
26c.sql,67769.6704864502
21c.sql,76.60961151123047
16c.sql,2736.9823455810547
22a.sql,947.8857517242432
7c.sql,17303.595304489136
28b.sql,15409.685134887695
31a.sql,4136.728525161743
6c.sql,21.096467971801758
3b.sql,195.2688694000244
20b.sql,61319.254875183105
10a.sql,1407.3281288146973
1c.sql,14.511346817016602
33c.sql,229.22086715698242
6c.sql,21.902799606323242
9a.sql,992.5112724304199
22a.sql,928.5247325897217
33b.sql,302.1261692047119
26c.sql,71184.9057674408
29a.sql,7137.844085693359
17a.sql,22153.406620025635
17a.sql,19735.25381088257
22c.sql,6251.881837844849
11a.sql,70.91331481933594
1a.sql,21.78335189819336
30c.sql,9212.33344078064
21b.sql,161.63229942321777
15b.sql,139.786958694458
23b.sql,1119.0569400787354
14a.sql,1501.047134399414
29c.sql,21004.053115844727
11a.sql,51.648616790771484
21a.sql,114.80164527893066
27b.sql,157.28068351745605
11a.sql,49.36718940734863
2b.sql,941.3206577301025
14b.sql,287.7492904663086
23b.sql,438.967227935791
11c.sql,444.5452690124512
20b.sql,66415.4052734375
16d.sql,2468.742609024048
19d.sql,20276.90291404724
3a.sql,352.84876823425293
20b.sql,61132.80415534973
33c.sql,322.74913787841797
5c.sql,623.8665580749512
17e.sql,15354.26664352417
12c.sql,3822.993040084839
10c.sql,11417.899131774902
26c.sql,55821.61498069763
schema.sql,-1
1c.sql,16.237735748291016
2c.sql,696.6240406036377
3c.sql,945.7273483276367
2c.sql,706.7761421203613
33c.sql,179.40020561218262
9a.sql,852.6368141174316
16b.sql,21903.456211090088
10c.sql,6978.209495544434
15a.sql,1253.535270690918
14a.sql,891.5960788726807
30a.sql,1291.1479473114014
27b.sql,123.60978126525879
17a.sql,13912.089824676514
31b.sql,808.9516162872314
3b.sql,157.77826309204102
15c.sql,1661.3895893096924
29a.sql,4191.638231277466
33c.sql,175.2760410308838
13d.sql,7334.044456481934
5b.sql,362.87641525268555
9b.sql,755.871057510376
13c.sql,1349.8644828796387
10c.sql,5704.294681549072
19b.sql,311.5541934967041
30b.sql,388.6981010437012
9b.sql,776.4010429382324
21a.sql,119.6281909942627
32a.sql,17.720460891723633
12b.sql,8.307695388793945
31a.sql,3537.8360748291016
2a.sql,668.0548191070557
13b.sql,1460.6163501739502
3b.sql,173.22921752929688
6b.sql,371.40846252441406
29a.sql,3356.7733764648438
13d.sql,5585.04056930542
fkindexes.sql,-1
4a.sql,166.14747047424316
1b.sql,3.8194656372070312
22b.sql,547.3430156707764
20a.sql,136907.7045917511
25b.sql,523.2303142547607
1b.sql,6.188869476318359
6b.sql,318.04513931274414
5b.sql,316.4830207824707
13c.sql,1461.4908695220947
9b.sql,742.4342632293701
2b.sql,623.5108375549316
5c.sql,461.02452278137207
31c.sql,3358.593702316284
22c.sql,2846.3239669799805
33a.sql,330.28292655944824
9c.sql,1748.4533786773682
18a.sql,14152.14991569519
4c.sql,218.9497947692871
26b.sql,29313.565731048584
24a.sql,807.65700340271
22c.sql,2933.610439300537
33a.sql,286.00502014160156
17f.sql,16431.825876235962
6b.sql,350.4011631011963
5c.sql,525.77805519104
12c.sql,1918.6255931854248
6f.sql,7214.644908905029
17d.sql,13268.619060516357
23b.sql,375.6828308105469
29b.sql,5238.146066665649
20b.sql,56749.43017959595
11a.sql,76.62749290466309
6b.sql,405.23362159729004
15d.sql,2084.946632385254
16d.sql,2043.8718795776367
4b.sql,177.0954132080078
1b.sql,4.21142578125
6f.sql,9244.243383407593
31b.sql,-1
18a.sql,13853.518724441528
10b.sql,680.3810596466064
9a.sql,783.6058139801025
12c.sql,2215.116500854492
32a.sql,21.208763122558594
24b.sql,449.6116638183594
3a.sql,260.3435516357422
31a.sql,3515.0997638702393
2c.sql,668.2534217834473
24b.sql,469.4199562072754
4b.sql,161.20266914367676
13a.sql,4211.73620223999
17a.sql,15535.148620605469
31a.sql,3685.8444213867188
19b.sql,379.38499450683594
28a.sql,61787.73283958435
23c.sql,622.8451728820801
26b.sql,30457.324743270874
22a.sql,944.8645114898682
33b.sql,356.8906784057617
1a.sql,23.916006088256836
31b.sql,820.183277130127
18a.sql,11622.400999069214
17d.sql,12884.57179069519
13d.sql,6329.616069793701
16b.sql,28998.189687728882
13d.sql,6529.230356216431
26b.sql,31278.263807296753
3a.sql,331.62713050842285
16a.sql,407.5205326080322
16d.sql,2052.662134170532
24a.sql,1000.781774520874
32b.sql,233.13355445861816
9d.sql,6591.137886047363
26a.sql,31494.837045669556
18b.sql,594.437837600708
13b.sql,1786.858320236206
16b.sql,23162.720441818237
17b.sql,12941.87068939209
15d.sql,1370.884656906128
10b.sql,683.3715438842773
26b.sql,27270.915985107422
18a.sql,11871.724843978882
9d.sql,7187.187194824219
27a.sql,150.3589153289795
31b.sql,-1
14a.sql,673.1038093566895
6d.sql,9443.00889968872
24b.sql,430.36365509033203
6e.sql,29.361248016357422
28a.sql,59687.657594680786
23b.sql,467.4532413482666
22c.sql,3524.0426063537598
16a.sql,453.07064056396484
11c.sql,348.2048511505127
8d.sql,5308.857679367065
23c.sql,944.6799755096436
5b.sql,559.8912239074707
21b.sql,89.22266960144043
12b.sql,15.685081481933594
2a.sql,1491.0943508148193
11d.sql,511.55900955200195
15a.sql,1374.1941452026367
27b.sql,227.05459594726562
19a.sql,957.3328495025635
schema.sql,-1
13d.sql,5932.875156402588
3a.sql,349.3638038635254
29a.sql,6342.628479003906
4a.sql,242.1255111694336
17a.sql,18451.22981071472
26a.sql,26269.69861984253
22d.sql,2687.7565383911133
22c.sql,2533.7178707122803
6c.sql,16.803503036499023
fkindexes.sql,-1
19b.sql,354.2037010192871
29c.sql,12081.931591033936
29b.sql,2861.744165420532
33b.sql,265.69342613220215
8d.sql,3341.735601425171
16c.sql,1891.2124633789062
16d.sql,1392.3168182373047
2d.sql,751.013994216919
15b.sql,60.55569648742676
15c.sql,1055.6492805480957
12b.sql,10.904312133789062
10a.sql,1050.7426261901855
22d.sql,2356.384038925171
28c.sql,73675.58598518372
18c.sql,4090297.8422641754
17b.sql,16230.381727218628
31c.sql,3228.239059448242
31b.sql,549.2978096008301
23a.sql,280.63058853149414
31a.sql,2541.534662246704
8b.sql,366.95098876953125
4a.sql,106.80198669433594
29c.sql,10968.606233596802
30a.sql,911.2827777862549
8c.sql,11187.414646148682
22a.sql,539.9746894836426
26c.sql,40505.842208862305
2c.sql,382.8716278076172
7c.sql,11885.039329528809
5c.sql,331.4797878265381
12b.sql,6.741762161254883
15c.sql,759.1755390167236
19b.sql,217.55433082580566
33c.sql,126.14107131958008
27c.sql,103.49106788635254
18c.sql,11640.082120895386
14a.sql,326.65562629699707
31a.sql,1982.5923442840576
31b.sql,442.25525856018066
8d.sql,1937.835454940796
25a.sql,2752.6934146881104
24b.sql,267.5752639770508
12c.sql,1190.0441646575928
11b.sql,13.900518417358398
22b.sql,263.0007266998291
19d.sql,9613.02375793457
17d.sql,7001.700878143311
13a.sql,2342.9806232452393
9b.sql,551.7172813415527
6a.sql,29.95157241821289
28a.sql,36473.08897972107
9a.sql,447.033166885376
schema.sql,-1
30b.sql,244.0478801727295
17f.sql,9083.382606506348
11b.sql,15.315055847167969
33c.sql,118.00980567932129
23c.sql,357.8510284423828
2c.sql,373.828649520874
8a.sql,2654.280185699463
15d.sql,695.8305835723877
28b.sql,8888.4117603302
2b.sql,385.50305366516113
24b.sql,255.41424751281738
13a.sql,2350.8639335632324
1c.sql,8.96143913269043
1a.sql,9.248495101928711
30b.sql,256.528377532959
6c.sql,11.166095733642578
19d.sql,8717.369318008423
31a.sql,1897.8970050811768
18c.sql,9498.284816741943
8d.sql,1886.1265182495117
5a.sql,234.23147201538086
27a.sql,88.32430839538574
23a.sql,194.51212882995605
19c.sql,11924.515724182129
19d.sql,9597.740173339844
9c.sql,1072.7918148040771
21b.sql,45.20225524902344
25c.sql,8651.322841644287
fkindexes.sql,-1
2d.sql,519.8268890380859
26c.sql,41656.84151649475
21c.sql,76.29656791687012
16a.sql,848.4578132629395
1d.sql,3.226757049560547
33c.sql,136.99984550476074
29c.sql,11385.51139831543
3a.sql,186.2177848815918
16c.sql,1230.2887439727783
27a.sql,83.52971076965332
8b.sql,286.1287593841553
22c.sql,1989.9864196777344
31b.sql,477.1418571472168
13d.sql,3093.0256843566895
9c.sql,743.6444759368896
29b.sql,2264.667749404907
17c.sql,7058.348655700684
15b.sql,52.97040939331055
27a.sql,93.37496757507324
27a.sql,92.90862083435059
13a.sql,2838.317394256592
schema.sql,-1
7c.sql,9193.668127059937
23b.sql,224.33757781982422
13d.sql,3201.969623565674
5c.sql,318.96424293518066
25a.sql,2815.4728412628174
32a.sql,9.862899780273438
25b.sql,322.3094940185547
18a.sql,8018.292188644409
5c.sql,857.7594757080078
9d.sql,5197.408199310303
17d.sql,7702.69250869751
27a.sql,97.58901596069336
20c.sql,42183.67552757263
8b.sql,293.3924198150635
25b.sql,505.6605339050293
6f.sql,6805.916547775269
6d.sql,6633.241176605225
18a.sql,9880.789756774902
4a.sql,114.3181324005127
21c.sql,44.832468032836914
8c.sql,11152.95386314392
25b.sql,403.34129333496094
5b.sql,272.05443382263184
18b.sql,290.7528877258301
19a.sql,506.3810348510742
28b.sql,10778.687715530396
schema.sql,-1
24b.sql,278.11408042907715
15a.sql,599.8506546020508
26b.sql,20030.31349182129
1b.sql,3.474712371826172
27a.sql,100.49629211425781
26c.sql,39230.825424194336
23a.sql,228.23309898376465
19d.sql,9278.19299697876
16a.sql,190.88077545166016
31b.sql,429.2314052581787
27c.sql,107.25212097167969
17b.sql,7150.216341018677
3c.sql,283.5831642150879
11c.sql,196.66004180908203
33b.sql,198.48060607910156
31c.sql,1980.212688446045
5a.sql,238.58380317687988
20c.sql,37647.81999588013
30a.sql,806.3480854034424
5b.sql,226.5310287475586
9d.sql,3571.1326599121094
24b.sql,265.7053470611572
11b.sql,13.259172439575195
25a.sql,2810.2500438690186
28b.sql,9356.839418411255
6e.sql,31.444549560546875
6e.sql,16.851186752319336
22c.sql,1927.9496669769287
26a.sql,17950.075387954712
23a.sql,207.11755752563477
32b.sql,106.59146308898926
21c.sql,44.159650802612305
2d.sql,497.967004776001
15a.sql,519.3891525268555
23b.sql,190.90604782104492
9c.sql,861.2220287322998
1a.sql,11.784791946411133
31a.sql,1960.8900547027588
2c.sql,373.2430934906006
6b.sql,225.98624229431152
6c.sql,9.459257125854492
6c.sql,9.27877426147461
20b.sql,35922.75857925415
19c.sql,11180.156946182251
32a.sql,11.398792266845703
3a.sql,175.4465103149414
6e.sql,25.193452835083008
11b.sql,14.8468017578125
12a.sql,284.94858741760254
2a.sql,399.65009689331055
8a.sql,2360.011577606201
schema.sql,-1
33b.sql,182.06501007080078
22b.sql,281.02660179138184
13b.sql,811.1860752105713
2a.sql,409.7459316253662
6e.sql,26.227474212646484
22d.sql,1665.3404235839844
31a.sql,1997.767686843872
7b.sql,241.97793006896973
11c.sql,159.69204902648926
4b.sql,57.62362480163574
18c.sql,9847.919225692749
20b.sql,36610.94522476196
14c.sql,649.8234272003174
26b.sql,20825.201511383057
27c.sql,102.44059562683105
4b.sql,82.77368545532227
15c.sql,417.80829429626465
12c.sql,1237.689733505249
6e.sql,30.249834060668945
29c.sql,11493.525981903076
17c.sql,8239.193677902222
7c.sql,9455.0142288208
14c.sql,679.9564361572266
23b.sql,210.35313606262207
17e.sql,10370.501279830933
17e.sql,9432.590246200562
10b.sql,457.2439193725586
4c.sql,129.9130916595459
7b.sql,232.06591606140137
30b.sql,283.90002250671387
15b.sql,43.11776161193848
22c.sql,1947.0081329345703
1b.sql,3.4322738647460938
28b.sql,9527.240514755249
2b.sql,392.3046588897705
22a.sql,505.8324337005615
17d.sql,6931.992769241333
6b.sql,218.20402145385742
16b.sql,13719.73991394043
20c.sql,38856.89997673035
24a.sql,477.7047634124756
17c.sql,6749.623537063599
27c.sql,107.00440406799316
28a.sql,39216.1431312561
schema.sql,-1
18c.sql,10256.802797317505
9d.sql,3935.0180625915527
2d.sql,499.92990493774414
18a.sql,7217.58770942688
27c.sql,97.36371040344238
30c.sql,3451.735496520996
33b.sql,203.6888599395752
11c.sql,173.34651947021484
29a.sql,2214.1804695129395
25a.sql,2918.1010723114014
7b.sql,245.55230140686035
18b.sql,268.25976371765137
4b.sql,81.46429061889648
29a.sql,2165.160894393921
1c.sql,10.379314422607422
2b.sql,569.6866512298584
29c.sql,10044.521570205688
30b.sql,260.3344917297363
32a.sql,11.481285095214844
2d.sql,499.7880458831787
6a.sql,27.32372283935547
2a.sql,400.29382705688477
7b.sql,251.5261173248291
2c.sql,400.81000328063965
19b.sql,235.2294921875
22c.sql,1941.1602020263672
28a.sql,38913.389921188354
33a.sql,194.83518600463867
13a.sql,2411.9505882263184
18c.sql,9635.51950454712
33b.sql,178.65490913391113
15d.sql,638.7832164764404
14b.sql,133.7895393371582
26c.sql,38533.35094451904
9c.sql,864.8591041564941
26b.sql,19580.116271972656
8a.sql,2335.3803157806396
5c.sql,318.49169731140137
17e.sql,9194.926977157593
5b.sql,221.91262245178223
24a.sql,435.5888366699219
4c.sql,124.82619285583496
33b.sql,184.38458442687988
1a.sql,9.659528732299805
13d.sql,3087.1784687042236
9b.sql,464.5988941192627
14c.sql,640.3384208679199
9c.sql,777.1987915039062
6c.sql,12.148141860961914
32b.sql,116.02616310119629
9d.sql,3629.295587539673
9c.sql,717.6375389099121
4c.sql,112.56146430969238
20a.sql,91878.82137298584
4a.sql,127.21490859985352
10b.sql,393.27526092529297
26b.sql,20940.810918807983
23a.sql,241.61553382873535
30b.sql,269.52195167541504
30b.sql,247.97511100769043
28b.sql,10065.09518623352
5b.sql,250.22459030151367
8d.sql,2215.972423553467
13c.sql,857.7673435211182
17b.sql,7659.794569015503
10c.sql,6055.053472518921
6f.sql,5884.981155395508
27b.sql,104.31337356567383
8a.sql,2645.3092098236084
17a.sql,10464.437007904053
12a.sql,326.9064426422119
5b.sql,245.50914764404297
7c.sql,9352.251768112183
19a.sql,494.1668510437012
21b.sql,44.58165168762207
14c.sql,701.1935710906982
8d.sql,2131.61039352417
19b.sql,235.34154891967773
24b.sql,274.9943733215332
13b.sql,952.0041942596436
7a.sql,1101.886510848999
14b.sql,171.44322395324707
23a.sql,252.90918350219727
30b.sql,293.5149669647217
33b.sql,203.31358909606934
8d.sql,2237.71071434021
22a.sql,564.2592906951904
33b.sql,202.5144100189209
15a.sql,557.6353073120117
21c.sql,45.09782791137695
13b.sql,885.9145641326904
24b.sql,283.62488746643066
21b.sql,45.319318771362305
9a.sql,518.6593532562256
11a.sql,34.984588623046875
20a.sql,93691.29157066345
22c.sql,2032.1907997131348
9a.sql,477.27060317993164
6c.sql,10.707855224609375
