2b.sql,4398.167133331299
10c.sql,10243.379831314087
18a.sql,22703.211069107056
17a.sql,19193.337440490723
33a.sql,424.0422248840332
30b.sql,669.3658828735352
7a.sql,2426.0337352752686
12c.sql,2275.033712387085
22a.sql,2270.761728286743
11a.sql,60.28866767883301
17a.sql,11077.656984329224
25b.sql,826.495885848999
11a.sql,41.121721267700195
16b.sql,18872.931957244873
2c.sql,465.954065322876
26c.sql,50807.00778961182
17a.sql,11289.594650268555
28b.sql,10928.33662033081
5a.sql,295.5288887023926
10a.sql,906.9607257843018
4c.sql,208.69731903076172
31b.sql,563.3127689361572
1b.sql,4.088163375854492
15a.sql,609.9352836608887
9b.sql,-1
1a.sql,12.021303176879883
13a.sql,3021.998882293701
13b.sql,1060.6615543365479
6b.sql,317.2953128814697
29a.sql,3473.453998565674
4c.sql,166.4443016052246
32b.sql,152.3129940032959
26b.sql,23795.119285583496
9c.sql,1587.5558853149414
20b.sql,45475.18253326416
27a.sql,115.13137817382812
5c.sql,506.0381889343262
29c.sql,12476.422309875488
6d.sql,5902.796268463135
28a.sql,48481.46390914917
31c.sql,2804.171562194824
11c.sql,288.21539878845215
17b.sql,8122.839450836182
18c.sql,16713.533401489258
12c.sql,1443.9327716827393
17b.sql,7986.4301681518555
13b.sql,942.7037239074707
18a.sql,8361.071109771729
2b.sql,510.17069816589355
1d.sql,3.862142562866211
20a.sql,102543.60628128052
16d.sql,1209.5861434936523
17f.sql,8069.358587265015
8c.sql,11157.317638397217
2c.sql,443.94803047180176
29b.sql,2498.047113418579
15c.sql,670.9716320037842
32b.sql,199.04446601867676
15b.sql,55.74393272399902
20b.sql,38014.84298706055
fkindexes.sql,-1
2b.sql,479.18105125427246
27b.sql,107.16700553894043
30c.sql,4898.53835105896
6a.sql,32.76824951171875
3c.sql,734.2655658721924
17b.sql,6875.49901008606
11a.sql,38.74063491821289
19c.sql,16809.94939804077
17f.sql,12073.034048080444
16d.sql,1492.093801498413
8d.sql,3245.7430362701416
6e.sql,52.133798599243164
19c.sql,17134.20057296753
2d.sql,819.0619945526123
21a.sql,105.61132431030273
8a.sql,3942.7971839904785
23a.sql,-1
17f.sql,13554.198503494263
17d.sql,10579.425811767578
27b.sql,167.2217845916748
17f.sql,11599.424362182617
28b.sql,13330.651044845581
7b.sql,418.5938835144043
21a.sql,91.19796752929688
17a.sql,15379.36782836914
schema.sql,-1
25b.sql,834.5749378204346
13a.sql,5315.990447998047
11c.sql,301.1293411254883
13c.sql,1298.8426685333252
2a.sql,734.7383499145508
4b.sql,118.52645874023438
22a.sql,812.7315044403076
12a.sql,529.9351215362549
20b.sql,47135.55335998535
schema.sql,-1
26a.sql,26125.527143478394
9c.sql,1556.0362339019775
6c.sql,19.95849609375
10b.sql,555.1042556762695
32a.sql,17.421722412109375
30c.sql,2752.105474472046
26b.sql,28921.793699264526
17f.sql,16181.187629699707
2b.sql,820.6062316894531
13c.sql,1385.915756225586
22b.sql,435.5309009552002
23a.sql,343.9443111419678
9a.sql,846.1716175079346
6e.sql,42.89102554321289
17f.sql,13694.67568397522
25a.sql,6277.576684951782
15d.sql,1113.6624813079834
7c.sql,18303.5671710968
6e.sql,50.36568641662598
19a.sql,-1
2b.sql,892.702579498291
29b.sql,4063.173294067383
15a.sql,933.6645603179932
3a.sql,275.22921562194824
26c.sql,55648.55599403381
3c.sql,454.6670913696289
26a.sql,25873.42643737793
10a.sql,1273.4737396240234
19d.sql,14064.311265945435
10c.sql,8615.749597549438
8b.sql,409.7256660461426
6f.sql,9204.72002029419
5c.sql,-1
19b.sql,427.3362159729004
11d.sql,339.0371799468994
6e.sql,37.926673889160156
8d.sql,3958.7197303771973
12c.sql,2966.8657779693604
24a.sql,936.3727569580078
12a.sql,452.24928855895996
3a.sql,266.08729362487793
3b.sql,173.76136779785156
14a.sql,689.6398067474365
23c.sql,818.2773590087891
27a.sql,179.44741249084473
17f.sql,17316.842794418335
6e.sql,37.42790222167969
22a.sql,804.2857646942139
16d.sql,1718.989372253418
26c.sql,62853.11794281006
32b.sql,193.08733940124512
16c.sql,1846.9254970550537
19b.sql,376.77526473999023
schema.sql,-1
2c.sql,591.5713310241699
22c.sql,2683.2616329193115
25c.sql,17230.306148529053
13d.sql,3587.3260498046875
17a.sql,17745.179176330566
1a.sql,19.060134887695312
28b.sql,12159.366369247437
17b.sql,11768.683671951294
17a.sql,17464.58625793457
12b.sql,9.842157363891602
2a.sql,785.6583595275879
17b.sql,9409.837007522583
7c.sql,15115.819931030273
6c.sql,21.01612091064453
12b.sql,9.235858917236328
17c.sql,9897.331953048706
30a.sql,1467.545747756958
16d.sql,1594.2578315734863
14b.sql,202.63051986694336
8c.sql,16562.385082244873
27c.sql,182.9535961151123
23c.sql,590.897798538208
4a.sql,204.04338836669922
4c.sql,201.35903358459473
16a.sql,328.5257816314697
13b.sql,1482.3224544525146
22b.sql,467.5180912017822
22a.sql,844.3927764892578
23b.sql,342.9584503173828
32b.sql,171.38934135437012
30b.sql,373.1732368469238
fkindexes.sql,-1
13b.sql,-1
21b.sql,123.64625930786133
1b.sql,5.525827407836914
6d.sql,9489.710092544556
17d.sql,12620.522022247314
16a.sql,373.71063232421875
22d.sql,2571.8204975128174
22a.sql,964.7078514099121
18b.sql,525.6316661834717
17d.sql,12156.67700767517
8b.sql,446.3341236114502
22c.sql,3084.369421005249
6d.sql,5337.159872055054
27a.sql,113.7840747833252
11c.sql,222.9301929473877
schema.sql,-1
6a.sql,41.62144660949707
9c.sql,1726.4175415039062
8b.sql,511.57093048095703
6b.sql,434.9205493927002
15c.sql,1032.9616069793701
24a.sql,819.5173740386963
16d.sql,1738.8689517974854
21b.sql,79.77867126464844
11d.sql,294.6920394897461
20b.sql,54292.84739494324
fkindexes.sql,-1
17f.sql,14745.002031326294
4a.sql,183.67624282836914
23a.sql,357.3131561279297
22a.sql,827.2614479064941
9b.sql,697.9522705078125
schema.sql,-1
27a.sql,126.42073631286621
32a.sql,15.998125076293945
15a.sql,821.5196132659912
19a.sql,768.3074474334717
9c.sql,1457.7207565307617
28a.sql,55031.85820579529
26c.sql,67139.47105407715
33c.sql,335.7067108154297
11d.sql,353.66082191467285
28b.sql,15040.273427963257
25a.sql,6545.434236526489
6c.sql,17.832279205322266
15b.sql,69.4429874420166
9b.sql,922.3618507385254
12c.sql,2921.696186065674
16a.sql,303.5738468170166
28c.sql,84967.00382232666
30b.sql,513.6582851409912
17c.sql,12267.759799957275
13d.sql,3753.1747817993164
7a.sql,1842.36741065979
17d.sql,11241.00399017334
28c.sql,88314.45384025574
29c.sql,14449.430465698242
22a.sql,1112.4486923217773
28b.sql,16217.202425003052
26a.sql,28574.230432510376
8c.sql,16219.062805175781
16c.sql,3057.8012466430664
32a.sql,22.81928062438965
17c.sql,12685.382604598999
21a.sql,114.26138877868652
30b.sql,435.87446212768555
19a.sql,1009.2065334320068
19c.sql,20956.363439559937
33c.sql,226.84311866760254
12b.sql,8.019447326660156
23a.sql,475.04639625549316
schema.sql,-1
schema.sql,-1
12b.sql,11.642694473266602
16d.sql,2093.569278717041
17f.sql,15429.930686950684
8c.sql,15601.72963142395
6f.sql,10380.10025024414
6f.sql,6619.499683380127
20a.sql,135275.98071098328
15b.sql,84.6261978149414
5c.sql,524.2433547973633
31b.sql,799.889326095581
29b.sql,3829.9243450164795
fkindexes.sql,-1
2d.sql,929.4109344482422
10a.sql,1131.4411163330078
5a.sql,410.3994369506836
19a.sql,915.2367115020752
30a.sql,1785.3164672851562
8c.sql,14875.603199005127
14b.sql,258.223295211792
13d.sql,7255.655527114868
13c.sql,1605.379581451416
27a.sql,164.60037231445312
18a.sql,15586.343765258789
29a.sql,4446.208953857422
32a.sql,24.538040161132812
16c.sql,2623.8253116607666
2a.sql,1043.7595844268799
17f.sql,15120.201826095581
24b.sql,539.6497249603271
7c.sql,18236.923933029175
6b.sql,514.763593673706
13a.sql,4850.7115840911865
22a.sql,980.2329540252686
18a.sql,13092.8795337677
10a.sql,1159.62815284729
3b.sql,192.2142505645752
2b.sql,796.2825298309326
17f.sql,16917.763471603394
33b.sql,472.0134735107422
27a.sql,173.97117614746094
22b.sql,555.2072525024414
10b.sql,671.6258525848389
12b.sql,10.765552520751953
6f.sql,7959.282875061035
7b.sql,547.2044944763184
26c.sql,66063.7276172638
5c.sql,697.6523399353027
28a.sql,65041.58520698547
15a.sql,1166.9723987579346
14a.sql,687.0889663696289
19b.sql,426.2092113494873
7b.sql,500.89406967163086
4b.sql,178.76958847045898
6c.sql,15.33198356628418
7b.sql,468.8689708709717
16d.sql,1984.3158721923828
17d.sql,10917.058944702148
13b.sql,1794.417381286621
3c.sql,534.5101356506348
6f.sql,10419.402122497559
21b.sql,102.3099422454834
29c.sql,14195.915699005127
15a.sql,828.4916877746582
8b.sql,431.57339096069336
6d.sql,9545.382976531982
9d.sql,8069.141864776611
5a.sql,380.8271884918213
6f.sql,6803.636312484741
10c.sql,8325.538873672485
33a.sql,354.1903495788574
1a.sql,21.23093605041504
8c.sql,16176.963806152344
4c.sql,197.2041130065918
6d.sql,6673.413276672363
5a.sql,412.4290943145752
17f.sql,14870.556116104126
4a.sql,187.41869926452637
13c.sql,1464.2798900604248
6e.sql,43.05219650268555
6c.sql,15.224933624267578
17a.sql,14219.054698944092
5a.sql,352.4158000946045
23a.sql,374.05991554260254
19b.sql,367.5110340118408
4b.sql,132.4467658996582
17b.sql,11872.83706665039
10c.sql,7560.340881347656
16b.sql,22240.891218185425
19d.sql,13365.427017211914
6d.sql,8887.134790420532
9c.sql,1635.0927352905273
18b.sql,458.3265781402588
2b.sql,656.1992168426514
21a.sql,103.3627986907959
9d.sql,6365.315914154053
26b.sql,28587.795972824097
8d.sql,3466.151237487793
13d.sql,5703.094959259033
9c.sql,1365.243673324585
15d.sql,1330.7461738586426
9b.sql,704.8251628875732
17f.sql,12386.162519454956
13c.sql,1469.4054126739502
22b.sql,443.8331127166748
32b.sql,192.07096099853516
19c.sql,18888.580083847046
29a.sql,4236.851215362549
25b.sql,648.1873989105225
20c.sql,78831.43472671509
28a.sql,75657.52005577087
17e.sql,17873.252153396606
31c.sql,3837.7857208251953
10a.sql,1020.6453800201416
8b.sql,476.11427307128906
26b.sql,27501.728057861328
32a.sql,18.938779830932617
33b.sql,327.81481742858887
30b.sql,417.7131652832031
1d.sql,6.764411926269531
12b.sql,10.227441787719727
30a.sql,1763.3631229400635
19d.sql,17765.975952148438
19c.sql,17405.312061309814
6b.sql,393.5408592224121
32a.sql,15.889167785644531
19a.sql,819.1344738006592
19b.sql,388.2479667663574
21b.sql,73.51207733154297
21b.sql,53.1923770904541
19a.sql,715.4793739318848
14a.sql,868.3700561523438
22a.sql,916.4755344390869
8d.sql,3998.753547668457
30b.sql,371.7834949493408
7b.sql,417.00220108032227
29b.sql,3730.180025100708
19a.sql,908.0007076263428
27a.sql,139.39762115478516
10a.sql,1065.1848316192627
18b.sql,841.928243637085
22b.sql,468.0612087249756
28a.sql,50497.697591781616
2d.sql,957.7376842498779
23b.sql,540.6358242034912
22c.sql,3748.0053901672363
16d.sql,1977.020025253296
23c.sql,1164.7720336914062
7b.sql,452.3601531982422
4b.sql,135.91408729553223
15c.sql,723.6311435699463
12c.sql,358.63447189331055
25c.sql,14621.359586715698
2a.sql,748.948335647583
1a.sql,23.955345153808594
5b.sql,341.15028381347656
33c.sql,213.51218223571777
30b.sql,405.7178497314453
17a.sql,23497.058153152466
16b.sql,28531.33511543274
10c.sql,10488.24691772461
17d.sql,11578.068017959595
23c.sql,1699.8331546783447
6b.sql,789.1700267791748
12b.sql,12.209892272949219
21c.sql,98.41251373291016
2a.sql,1157.9313278198242
16b.sql,27231.10318183899
31b.sql,-1
24b.sql,487.7903461456299
17d.sql,13023.928165435791
2d.sql,1138.1721496582031
10a.sql,1299.147367477417
33c.sql,326.2031078338623
3b.sql,268.1927680969238
13c.sql,2095.2954292297363
22a.sql,1058.7940216064453
15d.sql,2000.659704208374
9b.sql,1041.4538383483887
25c.sql,19721.96626663208
11c.sql,347.7647304534912
17d.sql,12317.068099975586
6b.sql,423.02751541137695
23a.sql,361.2174987792969
4c.sql,220.08180618286133
30a.sql,1715.306043624878
fkindexes.sql,-1
28c.sql,90922.18947410583
9a.sql,901.8354415893555
7a.sql,2346.759080886841
29b.sql,5403.618812561035
32a.sql,25.862932205200195
25b.sql,731.2226295471191
5c.sql,556.8482875823975
27a.sql,146.345853805542
7b.sql,473.37889671325684
33b.sql,364.8028373718262
23c.sql,780.7080745697021
17e.sql,18317.131757736206
17d.sql,9628.350257873535
2b.sql,732.891321182251
3b.sql,235.97145080566406
25c.sql,16532.132625579834
2a.sql,799.7033596038818
18a.sql,14995.768070220947
12b.sql,15.295743942260742
18b.sql,530.1432609558105
18a.sql,16363.177299499512
19c.sql,23171.982288360596
26c.sql,81720.74937820435
14b.sql,304.5377731323242
17b.sql,14740.772247314453
31a.sql,1660.3631973266602
31c.sql,4313.729047775269
12a.sql,524.4977474212646
21b.sql,94.67124938964844
26c.sql,77119.85230445862
21c.sql,100.86226463317871
16c.sql,3275.8986949920654
22a.sql,1303.5762310028076
7c.sql,17406.901359558105
28b.sql,15699.7389793396
31a.sql,4602.518558502197
6c.sql,19.060134887695312
3b.sql,225.05497932434082
20b.sql,58788.93280029297
10a.sql,1363.7347221374512
1c.sql,34.99650955200195
33c.sql,285.6020927429199
6c.sql,22.0491886138916
9a.sql,803.6587238311768
22a.sql,937.1790885925293
33b.sql,361.87195777893066
26c.sql,62649.05762672424
29a.sql,4327.034950256348
17a.sql,15878.204345703125
17a.sql,18480.958223342896
22c.sql,3428.102493286133
11a.sql,70.70398330688477
1a.sql,23.296594619750977
30c.sql,4661.721229553223
21b.sql,78.44948768615723
15b.sql,161.21292114257812
23b.sql,521.7349529266357
14a.sql,655.3378105163574
29c.sql,20861.12356185913
11a.sql,58.838605880737305
21a.sql,140.67411422729492
27b.sql,193.77946853637695
11a.sql,53.247690200805664
2b.sql,803.8897514343262
14b.sql,260.9419822692871
23b.sql,386.3024711608887
11c.sql,382.0955753326416
20b.sql,59000.18644332886
16d.sql,2515.245199203491
19d.sql,21763.316869735718
3a.sql,330.6412696838379
20b.sql,59681.37884140015
33c.sql,231.0655117034912
5c.sql,553.44557762146
17e.sql,16369.182825088501
12c.sql,3175.0247478485107
10c.sql,10958.999395370483
26c.sql,63283.47587585449
schema.sql,-1
1c.sql,15.526771545410156
2c.sql,754.6365261077881
3c.sql,934.9479675292969
2c.sql,742.1667575836182
33c.sql,258.8796615600586
9a.sql,1051.3007640838623
16b.sql,24770.475149154663
10c.sql,5926.478385925293
15a.sql,1346.954584121704
14a.sql,1089.9038314819336
30a.sql,1681.922435760498
27b.sql,154.06441688537598
17a.sql,18435.67657470703
31b.sql,1075.509786605835
3b.sql,208.29033851623535
15c.sql,1673.285961151123
29a.sql,4517.794132232666
33c.sql,232.15723037719727
13d.sql,6159.418821334839
5b.sql,439.57972526550293
9b.sql,1300.0385761260986
13c.sql,1641.2715911865234
10c.sql,8297.388076782227
19b.sql,342.3945903778076
30b.sql,485.54372787475586
9b.sql,789.9384498596191
21a.sql,121.75154685974121
32a.sql,20.448923110961914
12b.sql,10.922431945800781
31a.sql,4358.370065689087
2a.sql,771.5253829956055
13b.sql,1601.2396812438965
3b.sql,222.81622886657715
6b.sql,375.8118152618408
29a.sql,1760.6456279754639
13d.sql,6665.807723999023
fkindexes.sql,-1
4a.sql,193.772554397583
1b.sql,4.470586776733398
22b.sql,595.6308841705322
20a.sql,143918.5016155243
25b.sql,-1
1b.sql,3.7124156951904297
6b.sql,349.2143154144287
5b.sql,380.173921585083
13c.sql,1559.5128536224365
9b.sql,884.1841220855713
2b.sql,966.7856693267822
5c.sql,545.7015037536621
31c.sql,3848.6998081207275
22c.sql,3454.516649246216
33a.sql,523.6272811889648
9c.sql,1764.718770980835
18a.sql,17402.95433998108
4c.sql,209.78474617004395
26b.sql,28510.29324531555
24a.sql,841.3422107696533
22c.sql,3220.217704772949
33a.sql,419.3413257598877
17f.sql,16395.55025100708
6b.sql,426.99718475341797
5c.sql,543.9662933349609
12c.sql,2238.2712364196777
6f.sql,7818.990468978882
17d.sql,12282.577276229858
23b.sql,359.2348098754883
29b.sql,4201.054334640503
20b.sql,56327.09813117981
11a.sql,74.36084747314453
6b.sql,491.657018661499
15d.sql,1337.0997905731201
16d.sql,1770.439624786377
4b.sql,146.61478996276855
1b.sql,7.010698318481445
6f.sql,9571.118116378784
31b.sql,812.6130104064941
18a.sql,11574.633836746216
10b.sql,633.7859630584717
9a.sql,647.3987102508545
12c.sql,2385.1146697998047
32a.sql,19.10543441772461
24b.sql,475.6288528442383
3a.sql,320.2981948852539
31a.sql,3610.830307006836
2c.sql,670.0491905212402
24b.sql,406.9652557373047
4b.sql,144.30618286132812
13a.sql,4503.382205963135
17a.sql,15244.209051132202
31a.sql,4326.5581130981445
19b.sql,374.2084503173828
28a.sql,59598.726749420166
23c.sql,669.0192222595215
26b.sql,30768.29767227173
22a.sql,971.179723739624
33b.sql,340.456485748291
1a.sql,23.795127868652344
31b.sql,793.4322357177734
18a.sql,11378.955364227295
17d.sql,12740.89002609253
13d.sql,5826.818227767944
16b.sql,24269.195556640625
13d.sql,5627.33793258667
26b.sql,31425.55260658264
3a.sql,338.2225036621094
16a.sql,408.9932441711426
16d.sql,1588.672399520874
24a.sql,824.9585628509521
32b.sql,223.3870029449463
9d.sql,5757.175922393799
26a.sql,29653.042316436768
18b.sql,501.6789436340332
13b.sql,1536.1967086791992
16b.sql,24009.610652923584
17b.sql,10451.405048370361
15d.sql,1018.0284976959229
10b.sql,693.1765079498291
26b.sql,31201.745748519897
18a.sql,13411.425828933716
9d.sql,6989.8271560668945
27a.sql,147.8123664855957
31b.sql,857.032060623169
14a.sql,518.4926986694336
6d.sql,7645.69354057312
24b.sql,426.1941909790039
6e.sql,31.39019012451172
28a.sql,58892.02308654785
23b.sql,364.05324935913086
22c.sql,3632.6584815979004
16a.sql,345.99900245666504
11c.sql,273.0586528778076
8d.sql,3739.5334243774414
23c.sql,626.4290809631348
5b.sql,337.4016284942627
21b.sql,65.51218032836914
12b.sql,10.002851486206055
2a.sql,644.1433429718018
11d.sql,241.1339282989502
15a.sql,1272.294521331787
27b.sql,150.03490447998047
19a.sql,803.2245635986328
schema.sql,-1
13d.sql,5534.085035324097
3a.sql,301.4512062072754
29a.sql,4343.511581420898
4a.sql,166.27955436706543
17a.sql,15867.638111114502
26a.sql,27240.73624610901
22d.sql,3081.0165405273438
22c.sql,3160.576820373535
6c.sql,17.396926879882812
fkindexes.sql,-1
19b.sql,377.5200843811035
29c.sql,14999.297380447388
29b.sql,3447.0884799957275
33b.sql,339.57934379577637
8d.sql,4090.53111076355
16c.sql,2297.724723815918
16d.sql,1907.7622890472412
2d.sql,948.2033252716064
15b.sql,71.08855247497559
15c.sql,1168.198585510254
12b.sql,12.993812561035156
10a.sql,1232.2478294372559
22d.sql,2963.277578353882
28c.sql,89392.79532432556
18c.sql,19736.69457435608
17b.sql,10533.442974090576
31c.sql,4076.0316848754883
31b.sql,713.273286819458
23a.sql,307.4350357055664
31a.sql,3591.2036895751953
8b.sql,542.0238971710205
4a.sql,219.8350429534912
29c.sql,14858.252763748169
30a.sql,1681.8571090698242
8c.sql,18156.728982925415
22a.sql,875.7998943328857
26c.sql,65078.02081108093
2c.sql,743.8156604766846
7c.sql,13025.63762664795
5c.sql,530.7903289794922
12b.sql,19.79231834411621
15c.sql,697.8468894958496
19b.sql,443.0203437805176
33c.sql,237.3981475830078
27c.sql,184.1282844543457
18c.sql,18104.11810874939
14a.sql,-1
31a.sql,3622.69926071167
31b.sql,922.6064682006836
8d.sql,3797.89400100708
25a.sql,4992.647409439087
24b.sql,374.59874153137207
12c.sql,2652.449131011963
11b.sql,24.603605270385742
22b.sql,437.8399848937988
19d.sql,13923.13027381897
17d.sql,12203.805208206177
13a.sql,4189.903020858765
9b.sql,1065.6421184539795
6a.sql,70.71352005004883
28a.sql,59697.89958000183
9a.sql,852.4911403656006
schema.sql,-1
30b.sql,451.31874084472656
17f.sql,14358.53385925293
11b.sql,29.0830135345459
33c.sql,190.75632095336914
23c.sql,660.9039306640625
2c.sql,734.3335151672363
8a.sql,4664.130926132202
15d.sql,971.5337753295898
28b.sql,14984.132528305054
2b.sql,1093.6241149902344
24b.sql,524.6829986572266
13a.sql,4603.292465209961
1c.sql,19.147872924804688
1a.sql,15.866518020629883
30b.sql,-1
6c.sql,19.452571868896484
19d.sql,15817.147731781006
31a.sql,3718.6248302459717
18c.sql,17874.407291412354
8d.sql,3799.1421222686768
5a.sql,376.2519359588623
27a.sql,159.0721607208252
23a.sql,330.4574489593506
19c.sql,17089.56551551819
19d.sql,16169.18683052063
9c.sql,-1
21b.sql,87.19134330749512
25c.sql,14985.161542892456
fkindexes.sql,-1
2d.sql,1049.0808486938477
26c.sql,62146.775245666504
21c.sql,77.76212692260742
16a.sql,349.8690128326416
1d.sql,5.863666534423828
33c.sql,227.10895538330078
29c.sql,16529.83546257019
3a.sql,333.082914352417
16c.sql,2524.7764587402344
27a.sql,134.03677940368652
8b.sql,448.73499870300293
22c.sql,3199.512004852295
31b.sql,751.4300346374512
13d.sql,6156.04043006897
9c.sql,1482.2378158569336
29b.sql,4226.591110229492
17c.sql,10656.94260597229
15b.sql,96.10676765441895
27a.sql,187.32428550720215
27a.sql,130.6147575378418
13a.sql,4606.300830841064
schema.sql,-1
7c.sql,16981.91547393799
23b.sql,368.0143356323242
13d.sql,3340.4622077941895
5c.sql,863.3599281311035
25a.sql,5870.301246643066
32a.sql,25.593042373657227
25b.sql,598.902702331543
18a.sql,12558.557033538818
5c.sql,1387.8405094146729
9d.sql,6503.533363342285
17d.sql,9802.224159240723
27a.sql,139.14227485656738
20c.sql,60762.306451797485
8b.sql,542.8197383880615
25b.sql,615.8902645111084
6f.sql,9973.480701446533
6d.sql,8500.137090682983
18a.sql,13347.948551177979
4a.sql,181.52308464050293
21c.sql,64.01753425598145
8c.sql,16599.7097492218
25b.sql,600.5516052246094
5b.sql,402.04882621765137
18b.sql,529.7820568084717
19a.sql,831.4447402954102
28b.sql,15633.875608444214
schema.sql,-1
24b.sql,418.28036308288574
15a.sql,906.4285755157471
26b.sql,31792.574405670166
1b.sql,4.289150238037109
27a.sql,187.5448226928711
26c.sql,65497.29418754578
23a.sql,422.5895404815674
19d.sql,15594.149351119995
16a.sql,385.007381439209
31b.sql,769.99831199646
27c.sql,173.3558177947998
17b.sql,15202.090978622437
3c.sql,570.9021091461182
11c.sql,346.0676670074463
33b.sql,354.6743392944336
31c.sql,1495.7058429718018
5a.sql,371.59037590026855
20c.sql,56580.08170127869
30a.sql,1394.1066265106201
5b.sql,320.43933868408203
9d.sql,6101.442337036133
24b.sql,364.0007972717285
11b.sql,20.60556411743164
25a.sql,5082.835912704468
28b.sql,13555.565357208252
6e.sql,45.55559158325195
6e.sql,23.18882942199707
22c.sql,2802.529811859131
26a.sql,22935.543537139893
23a.sql,313.81893157958984
32b.sql,165.03643989562988
21c.sql,65.00554084777832
2d.sql,785.7415676116943
15a.sql,767.1070098876953
23b.sql,312.6790523529053
9c.sql,1531.752109527588
1a.sql,16.997814178466797
31a.sql,3425.156593322754
2c.sql,648.3807563781738
6b.sql,399.3234634399414
6c.sql,18.00060272216797
6c.sql,22.156715393066406
20b.sql,47008.16988945007
19c.sql,17541.27812385559
32a.sql,18.039703369140625
3a.sql,262.53557205200195
6e.sql,41.37396812438965
11b.sql,22.855520248413086
12a.sql,447.8600025177002
2a.sql,615.6935691833496
8a.sql,3910.978317260742
schema.sql,-1
33b.sql,322.65281677246094
22b.sql,450.9620666503906
13b.sql,1377.9032230377197
2a.sql,683.6280822753906
6e.sql,43.283939361572266
22d.sql,2424.7775077819824
31a.sql,3267.0605182647705
7b.sql,406.8775177001953
11c.sql,281.2483310699463
4b.sql,94.93708610534668
18c.sql,13798.526763916016
20b.sql,50304.166078567505
14c.sql,1015.0082111358643
26b.sql,26032.88960456848
27c.sql,146.3625431060791
4b.sql,126.15966796875
15c.sql,561.4778995513916
12c.sql,1909.5966815948486
6e.sql,46.22840881347656
29c.sql,13640.676259994507
17c.sql,11370.221138000488
7c.sql,12630.566120147705
14c.sql,1161.4303588867188
23b.sql,409.38806533813477
17e.sql,15343.990325927734
17e.sql,12806.145906448364
10b.sql,532.6635837554932
4c.sql,192.69156455993652
7b.sql,387.3474597930908
30b.sql,386.8374824523926
15b.sql,66.44845008850098
22c.sql,2611.5591526031494
1b.sql,6.429910659790039
28b.sql,13231.87279701233
2b.sql,647.5808620452881
22a.sql,842.1754837036133
17d.sql,8212.533235549927
6b.sql,379.9605369567871
16b.sql,21827.39496231079
20c.sql,50999.20964241028
24a.sql,789.9835109710693
17c.sql,10557.220458984375
27c.sql,168.87927055358887
28a.sql,50450.024366378784
schema.sql,-1
18c.sql,15371.803045272827
9d.sql,4172.513961791992
2d.sql,1096.6644287109375
18a.sql,11696.830749511719
27c.sql,140.41972160339355
30c.sql,5434.007167816162
33b.sql,264.38021659851074
11c.sql,240.6299114227295
29a.sql,3585.77299118042
25a.sql,3009.706497192383
7b.sql,375.4229545593262
18b.sql,381.9246292114258
4b.sql,124.28140640258789
29a.sql,3760.5888843536377
1c.sql,16.724348068237305
2b.sql,632.805585861206
29c.sql,14346.670627593994
30b.sql,398.9269733428955
32a.sql,17.928361892700195
2d.sql,803.7192821502686
6a.sql,43.29252243041992
2a.sql,624.8440742492676
7b.sql,380.9075355529785
2c.sql,841.7623043060303
19b.sql,453.60493659973145
22c.sql,2792.3693656921387
28a.sql,50631.669998168945
33a.sql,280.89046478271484
13a.sql,3863.6903762817383
18c.sql,12961.399555206299
33b.sql,331.33697509765625
15d.sql,982.6393127441406
14b.sql,196.7308521270752
26c.sql,52099.17330741882
9c.sql,1266.1983966827393
26b.sql,26403.998374938965
8a.sql,3636.6989612579346
5c.sql,472.27954864501953
17e.sql,14916.893482208252
5b.sql,309.36694145202637
24a.sql,623.2564449310303
4c.sql,178.37142944335938
33b.sql,-1
1a.sql,15.774965286254883
13d.sql,5008.008003234863
9b.sql,702.7390003204346
14c.sql,961.5342617034912
9c.sql,1243.7665462493896
6c.sql,20.233869552612305
32b.sql,184.57841873168945
9d.sql,5815.220832824707
9c.sql,1152.1267890930176
4c.sql,168.78461837768555
20a.sql,122435.59503555298
4a.sql,178.8344383239746
10b.sql,533.416748046875
26b.sql,25490.36169052124
23a.sql,317.1348571777344
30b.sql,384.8395347595215
30b.sql,357.95116424560547
28b.sql,13135.212659835815
5b.sql,314.56804275512695
8d.sql,3155.503273010254
13c.sql,-1
17b.sql,11145.197629928589
10c.sql,7792.7727699279785
6f.sql,8687.360286712646
27b.sql,172.70827293395996
8a.sql,1116.3737773895264
17a.sql,15140.448570251465
12a.sql,410.42089462280273
5b.sql,325.32310485839844
7c.sql,13543.656349182129
19a.sql,644.8488235473633
21b.sql,83.10127258300781
14c.sql,974.1804599761963
8d.sql,903.022289276123
19b.sql,319.45228576660156
24b.sql,385.4796886444092
13b.sql,1347.21040725708
7a.sql,1223.0067253112793
14b.sql,208.66680145263672
23a.sql,293.5347557067871
30b.sql,379.17494773864746
33b.sql,280.37238121032715
8d.sql,3036.6718769073486
22a.sql,939.1252994537354
33b.sql,278.8887023925781
15a.sql,763.3576393127441
21c.sql,62.0882511138916
13b.sql,1365.1204109191895
24b.sql,440.6313896179199
21b.sql,72.2663402557373
9a.sql,771.0285186767578
11a.sql,52.12974548339844
20a.sql,119285.95519065857
22c.sql,2790.9605503082275
9a.sql,741.5785789489746
6c.sql,14.223575592041016
